2017-03-03 21:46:25,577 0    [main] INFO  org.hibernate.annotations.common.Version  - HCANN000001: Hibernate Commons Annotations {4.0.5.Final}
2017-03-03 21:46:25,584 7    [main] INFO  org.hibernate.Version  - HHH000412: Hibernate Core {4.3.11.Final}
2017-03-03 21:46:25,586 9    [main] INFO  org.hibernate.cfg.Environment  - HHH000206: hibernate.properties not found
2017-03-03 21:46:25,587 10   [main] INFO  org.hibernate.cfg.Environment  - HHH000021: Bytecode provider name : javassist
2017-03-03 21:46:25,605 28   [main] INFO  org.hibernate.cfg.Configuration  - HHH000043: Configuring from resource: /hibernate.cfg.xml
2017-03-03 21:46:25,606 29   [main] INFO  org.hibernate.cfg.Configuration  - HHH000040: Configuration resource: /hibernate.cfg.xml
2017-03-03 21:46:25,723 146  [main] INFO  org.hibernate.cfg.Configuration  - HHH000041: Configured SessionFactory: null
2017-03-03 21:46:25,850 273  [main] WARN  org.hibernate.engine.jdbc.connections.internal.DriverManagerConnectionProviderImpl  - HHH000402: Using Hibernate built-in connection pool (not for production use!)
2017-03-03 21:46:25,855 278  [main] INFO  org.hibernate.engine.jdbc.connections.internal.DriverManagerConnectionProviderImpl  - HHH000401: using driver [com.mysql.jdbc.Driver] at URL [jdbc:mysql://localhost:3306/]
2017-03-03 21:46:25,856 279  [main] INFO  org.hibernate.engine.jdbc.connections.internal.DriverManagerConnectionProviderImpl  - HHH000046: Connection properties: {user=root, password=****}
2017-03-03 21:46:25,856 279  [main] INFO  org.hibernate.engine.jdbc.connections.internal.DriverManagerConnectionProviderImpl  - HHH000006: Autocommit mode: false
2017-03-03 21:46:25,858 281  [main] INFO  org.hibernate.engine.jdbc.connections.internal.DriverManagerConnectionProviderImpl  - HHH000115: Hibernate connection pool size: 20 (min=1)
2017-03-03 21:46:26,147 570  [main] INFO  org.hibernate.dialect.Dialect  - HHH000400: Using dialect: org.hibernate.dialect.MySQL5Dialect
2017-03-03 21:46:26,248 671  [main] INFO  org.hibernate.engine.transaction.internal.TransactionFactoryInitiator  - HHH000399: Using default transaction strategy (direct JDBC transactions)
2017-03-03 21:46:26,252 675  [main] INFO  org.hibernate.hql.internal.ast.ASTQueryTranslatorFactory  - HHH000397: Using ASTQueryTranslatorFactory
2017-03-03 21:47:14,936 0    [main] INFO  org.hibernate.annotations.common.Version  - HCANN000001: Hibernate Commons Annotations {4.0.5.Final}
2017-03-03 21:47:14,941 5    [main] INFO  org.hibernate.Version  - HHH000412: Hibernate Core {4.3.11.Final}
2017-03-03 21:47:14,942 6    [main] INFO  org.hibernate.cfg.Environment  - HHH000206: hibernate.properties not found
2017-03-03 21:47:14,945 9    [main] INFO  org.hibernate.cfg.Environment  - HHH000021: Bytecode provider name : javassist
2017-03-03 21:47:14,956 20   [main] INFO  org.hibernate.cfg.Configuration  - HHH000043: Configuring from resource: /hibernate.cfg.xml
2017-03-03 21:47:14,956 20   [main] INFO  org.hibernate.cfg.Configuration  - HHH000040: Configuration resource: /hibernate.cfg.xml
2017-03-03 21:47:15,021 85   [main] INFO  org.hibernate.cfg.Configuration  - HHH000041: Configured SessionFactory: null
2017-03-03 21:47:15,092 156  [main] WARN  org.hibernate.engine.jdbc.connections.internal.DriverManagerConnectionProviderImpl  - HHH000402: Using Hibernate built-in connection pool (not for production use!)
2017-03-03 21:47:15,097 161  [main] INFO  org.hibernate.engine.jdbc.connections.internal.DriverManagerConnectionProviderImpl  - HHH000401: using driver [com.mysql.jdbc.Driver] at URL [jdbc:mysql://localhost:3306/]
2017-03-03 21:47:15,097 161  [main] INFO  org.hibernate.engine.jdbc.connections.internal.DriverManagerConnectionProviderImpl  - HHH000046: Connection properties: {user=root, password=****}
2017-03-03 21:47:15,098 162  [main] INFO  org.hibernate.engine.jdbc.connections.internal.DriverManagerConnectionProviderImpl  - HHH000006: Autocommit mode: false
2017-03-03 21:47:15,099 163  [main] INFO  org.hibernate.engine.jdbc.connections.internal.DriverManagerConnectionProviderImpl  - HHH000115: Hibernate connection pool size: 20 (min=1)
2017-03-03 21:47:15,408 472  [main] INFO  org.hibernate.dialect.Dialect  - HHH000400: Using dialect: org.hibernate.dialect.MySQL5Dialect
2017-03-03 21:47:15,518 582  [main] INFO  org.hibernate.engine.transaction.internal.TransactionFactoryInitiator  - HHH000399: Using default transaction strategy (direct JDBC transactions)
2017-03-03 21:47:15,523 587  [main] INFO  org.hibernate.hql.internal.ast.ASTQueryTranslatorFactory  - HHH000397: Using ASTQueryTranslatorFactory
2017-03-03 21:48:17,403 0    [http-nio-8080-exec-3] INFO  org.hibernate.annotations.common.Version  - HCANN000001: Hibernate Commons Annotations {4.0.5.Final}
2017-03-03 21:48:17,412 9    [http-nio-8080-exec-3] INFO  org.hibernate.Version  - HHH000412: Hibernate Core {4.3.11.Final}
2017-03-03 21:48:17,414 11   [http-nio-8080-exec-3] INFO  org.hibernate.cfg.Environment  - HHH000206: hibernate.properties not found
2017-03-03 21:48:17,420 17   [http-nio-8080-exec-3] INFO  org.hibernate.cfg.Environment  - HHH000021: Bytecode provider name : javassist
2017-03-03 21:48:17,455 52   [http-nio-8080-exec-3] INFO  org.hibernate.cfg.Configuration  - HHH000043: Configuring from resource: /hibernate.cfg.xml
2017-03-03 21:48:17,455 52   [http-nio-8080-exec-3] INFO  org.hibernate.cfg.Configuration  - HHH000040: Configuration resource: /hibernate.cfg.xml
2017-03-03 21:48:17,503 100  [http-nio-8080-exec-3] INFO  org.hibernate.cfg.Configuration  - HHH000041: Configured SessionFactory: null
2017-03-03 21:48:17,591 188  [http-nio-8080-exec-3] WARN  org.hibernate.engine.jdbc.connections.internal.DriverManagerConnectionProviderImpl  - HHH000402: Using Hibernate built-in connection pool (not for production use!)
2017-03-03 21:48:17,595 192  [http-nio-8080-exec-3] INFO  org.hibernate.engine.jdbc.connections.internal.DriverManagerConnectionProviderImpl  - HHH000401: using driver [com.mysql.jdbc.Driver] at URL [jdbc:mysql://localhost:3306/]
2017-03-03 21:48:17,596 193  [http-nio-8080-exec-3] INFO  org.hibernate.engine.jdbc.connections.internal.DriverManagerConnectionProviderImpl  - HHH000046: Connection properties: {user=root, password=****}
2017-03-03 21:48:17,596 193  [http-nio-8080-exec-3] INFO  org.hibernate.engine.jdbc.connections.internal.DriverManagerConnectionProviderImpl  - HHH000006: Autocommit mode: false
2017-03-03 21:48:17,597 194  [http-nio-8080-exec-3] INFO  org.hibernate.engine.jdbc.connections.internal.DriverManagerConnectionProviderImpl  - HHH000115: Hibernate connection pool size: 20 (min=1)
2017-03-03 21:48:17,951 548  [http-nio-8080-exec-3] INFO  org.hibernate.dialect.Dialect  - HHH000400: Using dialect: org.hibernate.dialect.MySQL5Dialect
2017-03-03 21:48:18,114 711  [http-nio-8080-exec-3] INFO  org.hibernate.engine.transaction.internal.TransactionFactoryInitiator  - HHH000399: Using default transaction strategy (direct JDBC transactions)
2017-03-03 21:48:18,118 715  [http-nio-8080-exec-3] INFO  org.hibernate.hql.internal.ast.ASTQueryTranslatorFactory  - HHH000397: Using ASTQueryTranslatorFactory
2017-03-03 21:48:18,559 1156 [http-nio-8080-exec-3] INFO  edu.matc.restactivity3.ActivityResource  - &&&&&&&&&&&&&&& tennis
2017-03-03 22:01:10,399 0    [main] INFO  org.hibernate.annotations.common.Version  - HCANN000001: Hibernate Commons Annotations {4.0.5.Final}
2017-03-03 22:01:10,408 9    [main] INFO  org.hibernate.Version  - HHH000412: Hibernate Core {4.3.11.Final}
2017-03-03 22:01:10,411 12   [main] INFO  org.hibernate.cfg.Environment  - HHH000206: hibernate.properties not found
2017-03-03 22:01:10,414 15   [main] INFO  org.hibernate.cfg.Environment  - HHH000021: Bytecode provider name : javassist
2017-03-03 22:01:10,436 37   [main] INFO  org.hibernate.cfg.Configuration  - HHH000043: Configuring from resource: /hibernate.cfg.xml
2017-03-03 22:01:10,436 37   [main] INFO  org.hibernate.cfg.Configuration  - HHH000040: Configuration resource: /hibernate.cfg.xml
2017-03-03 22:01:10,512 113  [main] INFO  org.hibernate.cfg.Configuration  - HHH000041: Configured SessionFactory: null
2017-03-03 22:01:10,585 186  [main] WARN  org.hibernate.engine.jdbc.connections.internal.DriverManagerConnectionProviderImpl  - HHH000402: Using Hibernate built-in connection pool (not for production use!)
2017-03-03 22:01:10,590 191  [main] INFO  org.hibernate.engine.jdbc.connections.internal.DriverManagerConnectionProviderImpl  - HHH000401: using driver [com.mysql.jdbc.Driver] at URL [jdbc:mysql://localhost:3306/]
2017-03-03 22:01:10,590 191  [main] INFO  org.hibernate.engine.jdbc.connections.internal.DriverManagerConnectionProviderImpl  - HHH000046: Connection properties: {user=root, password=****}
2017-03-03 22:01:10,591 192  [main] INFO  org.hibernate.engine.jdbc.connections.internal.DriverManagerConnectionProviderImpl  - HHH000006: Autocommit mode: false
2017-03-03 22:01:10,592 193  [main] INFO  org.hibernate.engine.jdbc.connections.internal.DriverManagerConnectionProviderImpl  - HHH000115: Hibernate connection pool size: 20 (min=1)
2017-03-03 22:01:10,894 495  [main] INFO  org.hibernate.dialect.Dialect  - HHH000400: Using dialect: org.hibernate.dialect.MySQL5Dialect
2017-03-03 22:01:10,990 591  [main] INFO  org.hibernate.engine.transaction.internal.TransactionFactoryInitiator  - HHH000399: Using default transaction strategy (direct JDBC transactions)
2017-03-03 22:01:11,000 601  [main] INFO  org.hibernate.hql.internal.ast.ASTQueryTranslatorFactory  - HHH000397: Using ASTQueryTranslatorFactory
2017-03-03 22:01:44,535 0    [http-nio-8080-exec-10] INFO  org.hibernate.annotations.common.Version  - HCANN000001: Hibernate Commons Annotations {4.0.5.Final}
2017-03-03 22:01:44,546 11   [http-nio-8080-exec-10] INFO  org.hibernate.Version  - HHH000412: Hibernate Core {4.3.11.Final}
2017-03-03 22:01:44,549 14   [http-nio-8080-exec-10] INFO  org.hibernate.cfg.Environment  - HHH000206: hibernate.properties not found
2017-03-03 22:01:44,550 15   [http-nio-8080-exec-10] INFO  org.hibernate.cfg.Environment  - HHH000021: Bytecode provider name : javassist
2017-03-03 22:01:44,570 35   [http-nio-8080-exec-10] INFO  org.hibernate.cfg.Configuration  - HHH000043: Configuring from resource: /hibernate.cfg.xml
2017-03-03 22:01:44,570 35   [http-nio-8080-exec-10] INFO  org.hibernate.cfg.Configuration  - HHH000040: Configuration resource: /hibernate.cfg.xml
2017-03-03 22:01:44,615 80   [http-nio-8080-exec-10] INFO  org.hibernate.cfg.Configuration  - HHH000041: Configured SessionFactory: null
2017-03-03 22:01:44,714 179  [http-nio-8080-exec-10] WARN  org.hibernate.engine.jdbc.connections.internal.DriverManagerConnectionProviderImpl  - HHH000402: Using Hibernate built-in connection pool (not for production use!)
2017-03-03 22:01:44,718 183  [http-nio-8080-exec-10] INFO  org.hibernate.engine.jdbc.connections.internal.DriverManagerConnectionProviderImpl  - HHH000401: using driver [com.mysql.jdbc.Driver] at URL [jdbc:mysql://localhost:3306/]
2017-03-03 22:01:44,719 184  [http-nio-8080-exec-10] INFO  org.hibernate.engine.jdbc.connections.internal.DriverManagerConnectionProviderImpl  - HHH000046: Connection properties: {user=root, password=****}
2017-03-03 22:01:44,719 184  [http-nio-8080-exec-10] INFO  org.hibernate.engine.jdbc.connections.internal.DriverManagerConnectionProviderImpl  - HHH000006: Autocommit mode: false
2017-03-03 22:01:44,720 185  [http-nio-8080-exec-10] INFO  org.hibernate.engine.jdbc.connections.internal.DriverManagerConnectionProviderImpl  - HHH000115: Hibernate connection pool size: 20 (min=1)
2017-03-03 22:01:45,051 516  [http-nio-8080-exec-10] INFO  org.hibernate.dialect.Dialect  - HHH000400: Using dialect: org.hibernate.dialect.MySQL5Dialect
2017-03-03 22:01:45,222 687  [http-nio-8080-exec-10] INFO  org.hibernate.engine.transaction.internal.TransactionFactoryInitiator  - HHH000399: Using default transaction strategy (direct JDBC transactions)
2017-03-03 22:01:45,228 693  [http-nio-8080-exec-10] INFO  org.hibernate.hql.internal.ast.ASTQueryTranslatorFactory  - HHH000397: Using ASTQueryTranslatorFactory
2017-03-03 22:05:07,136 0    [main] INFO  org.hibernate.annotations.common.Version  - HCANN000001: Hibernate Commons Annotations {4.0.5.Final}
2017-03-03 22:05:07,147 11   [main] INFO  org.hibernate.Version  - HHH000412: Hibernate Core {4.3.11.Final}
2017-03-03 22:05:07,148 12   [main] INFO  org.hibernate.cfg.Environment  - HHH000206: hibernate.properties not found
2017-03-03 22:05:07,150 14   [main] INFO  org.hibernate.cfg.Environment  - HHH000021: Bytecode provider name : javassist
2017-03-03 22:05:07,163 27   [main] INFO  org.hibernate.cfg.Configuration  - HHH000043: Configuring from resource: /hibernate.cfg.xml
2017-03-03 22:05:07,163 27   [main] INFO  org.hibernate.cfg.Configuration  - HHH000040: Configuration resource: /hibernate.cfg.xml
2017-03-03 22:05:07,228 92   [main] INFO  org.hibernate.cfg.Configuration  - HHH000041: Configured SessionFactory: null
2017-03-03 22:05:07,316 180  [main] WARN  org.hibernate.engine.jdbc.connections.internal.DriverManagerConnectionProviderImpl  - HHH000402: Using Hibernate built-in connection pool (not for production use!)
2017-03-03 22:05:07,325 189  [main] INFO  org.hibernate.engine.jdbc.connections.internal.DriverManagerConnectionProviderImpl  - HHH000401: using driver [com.mysql.jdbc.Driver] at URL [jdbc:mysql://localhost:3306/]
2017-03-03 22:05:07,325 189  [main] INFO  org.hibernate.engine.jdbc.connections.internal.DriverManagerConnectionProviderImpl  - HHH000046: Connection properties: {user=root, password=****}
2017-03-03 22:05:07,325 189  [main] INFO  org.hibernate.engine.jdbc.connections.internal.DriverManagerConnectionProviderImpl  - HHH000006: Autocommit mode: false
2017-03-03 22:05:07,326 190  [main] INFO  org.hibernate.engine.jdbc.connections.internal.DriverManagerConnectionProviderImpl  - HHH000115: Hibernate connection pool size: 20 (min=1)
2017-03-03 22:05:07,633 497  [main] INFO  org.hibernate.dialect.Dialect  - HHH000400: Using dialect: org.hibernate.dialect.MySQL5Dialect
2017-03-03 22:05:07,727 591  [main] INFO  org.hibernate.engine.transaction.internal.TransactionFactoryInitiator  - HHH000399: Using default transaction strategy (direct JDBC transactions)
2017-03-03 22:05:07,732 596  [main] INFO  org.hibernate.hql.internal.ast.ASTQueryTranslatorFactory  - HHH000397: Using ASTQueryTranslatorFactory
2017-03-03 22:06:17,896 0    [http-nio-8080-exec-3] INFO  org.hibernate.annotations.common.Version  - HCANN000001: Hibernate Commons Annotations {4.0.5.Final}
2017-03-03 22:06:17,907 11   [http-nio-8080-exec-3] INFO  org.hibernate.Version  - HHH000412: Hibernate Core {4.3.11.Final}
2017-03-03 22:06:17,909 13   [http-nio-8080-exec-3] INFO  org.hibernate.cfg.Environment  - HHH000206: hibernate.properties not found
2017-03-03 22:06:17,910 14   [http-nio-8080-exec-3] INFO  org.hibernate.cfg.Environment  - HHH000021: Bytecode provider name : javassist
2017-03-03 22:06:17,938 42   [http-nio-8080-exec-3] INFO  org.hibernate.cfg.Configuration  - HHH000043: Configuring from resource: /hibernate.cfg.xml
2017-03-03 22:06:17,938 42   [http-nio-8080-exec-3] INFO  org.hibernate.cfg.Configuration  - HHH000040: Configuration resource: /hibernate.cfg.xml
2017-03-03 22:06:17,985 89   [http-nio-8080-exec-3] INFO  org.hibernate.cfg.Configuration  - HHH000041: Configured SessionFactory: null
2017-03-03 22:06:18,084 188  [http-nio-8080-exec-3] WARN  org.hibernate.engine.jdbc.connections.internal.DriverManagerConnectionProviderImpl  - HHH000402: Using Hibernate built-in connection pool (not for production use!)
2017-03-03 22:06:18,089 193  [http-nio-8080-exec-3] INFO  org.hibernate.engine.jdbc.connections.internal.DriverManagerConnectionProviderImpl  - HHH000401: using driver [com.mysql.jdbc.Driver] at URL [jdbc:mysql://localhost:3306/]
2017-03-03 22:06:18,090 194  [http-nio-8080-exec-3] INFO  org.hibernate.engine.jdbc.connections.internal.DriverManagerConnectionProviderImpl  - HHH000046: Connection properties: {user=root, password=****}
2017-03-03 22:06:18,090 194  [http-nio-8080-exec-3] INFO  org.hibernate.engine.jdbc.connections.internal.DriverManagerConnectionProviderImpl  - HHH000006: Autocommit mode: false
2017-03-03 22:06:18,092 196  [http-nio-8080-exec-3] INFO  org.hibernate.engine.jdbc.connections.internal.DriverManagerConnectionProviderImpl  - HHH000115: Hibernate connection pool size: 20 (min=1)
2017-03-03 22:06:18,495 599  [http-nio-8080-exec-3] INFO  org.hibernate.dialect.Dialect  - HHH000400: Using dialect: org.hibernate.dialect.MySQL5Dialect
2017-03-03 22:06:18,667 771  [http-nio-8080-exec-3] INFO  org.hibernate.engine.transaction.internal.TransactionFactoryInitiator  - HHH000399: Using default transaction strategy (direct JDBC transactions)
2017-03-03 22:06:18,672 776  [http-nio-8080-exec-3] INFO  org.hibernate.hql.internal.ast.ASTQueryTranslatorFactory  - HHH000397: Using ASTQueryTranslatorFactory
2017-03-03 22:10:24,498 0    [main] INFO  org.hibernate.annotations.common.Version  - HCANN000001: Hibernate Commons Annotations {4.0.5.Final}
2017-03-03 22:10:24,506 8    [main] INFO  org.hibernate.Version  - HHH000412: Hibernate Core {4.3.11.Final}
2017-03-03 22:10:24,507 9    [main] INFO  org.hibernate.cfg.Environment  - HHH000206: hibernate.properties not found
2017-03-03 22:10:24,509 11   [main] INFO  org.hibernate.cfg.Environment  - HHH000021: Bytecode provider name : javassist
2017-03-03 22:10:24,523 25   [main] INFO  org.hibernate.cfg.Configuration  - HHH000043: Configuring from resource: /hibernate.cfg.xml
2017-03-03 22:10:24,523 25   [main] INFO  org.hibernate.cfg.Configuration  - HHH000040: Configuration resource: /hibernate.cfg.xml
2017-03-03 22:10:24,616 118  [main] INFO  org.hibernate.cfg.Configuration  - HHH000041: Configured SessionFactory: null
2017-03-03 22:10:24,687 189  [main] WARN  org.hibernate.engine.jdbc.connections.internal.DriverManagerConnectionProviderImpl  - HHH000402: Using Hibernate built-in connection pool (not for production use!)
2017-03-03 22:10:24,702 204  [main] INFO  org.hibernate.engine.jdbc.connections.internal.DriverManagerConnectionProviderImpl  - HHH000401: using driver [com.mysql.jdbc.Driver] at URL [jdbc:mysql://localhost:3306/]
2017-03-03 22:10:24,703 205  [main] INFO  org.hibernate.engine.jdbc.connections.internal.DriverManagerConnectionProviderImpl  - HHH000046: Connection properties: {user=root, password=****}
2017-03-03 22:10:24,705 207  [main] INFO  org.hibernate.engine.jdbc.connections.internal.DriverManagerConnectionProviderImpl  - HHH000006: Autocommit mode: false
2017-03-03 22:10:24,707 209  [main] INFO  org.hibernate.engine.jdbc.connections.internal.DriverManagerConnectionProviderImpl  - HHH000115: Hibernate connection pool size: 20 (min=1)
2017-03-03 22:10:25,020 522  [main] INFO  org.hibernate.dialect.Dialect  - HHH000400: Using dialect: org.hibernate.dialect.MySQL5Dialect
2017-03-03 22:10:25,109 611  [main] INFO  org.hibernate.engine.transaction.internal.TransactionFactoryInitiator  - HHH000399: Using default transaction strategy (direct JDBC transactions)
2017-03-03 22:10:25,114 616  [main] INFO  org.hibernate.hql.internal.ast.ASTQueryTranslatorFactory  - HHH000397: Using ASTQueryTranslatorFactory
2017-03-03 22:11:27,072 0    [main] INFO  org.hibernate.annotations.common.Version  - HCANN000001: Hibernate Commons Annotations {4.0.5.Final}
2017-03-03 22:11:27,078 6    [main] INFO  org.hibernate.Version  - HHH000412: Hibernate Core {4.3.11.Final}
2017-03-03 22:11:27,080 8    [main] INFO  org.hibernate.cfg.Environment  - HHH000206: hibernate.properties not found
2017-03-03 22:11:27,082 10   [main] INFO  org.hibernate.cfg.Environment  - HHH000021: Bytecode provider name : javassist
2017-03-03 22:11:27,105 33   [main] INFO  org.hibernate.cfg.Configuration  - HHH000043: Configuring from resource: /hibernate.cfg.xml
2017-03-03 22:11:27,105 33   [main] INFO  org.hibernate.cfg.Configuration  - HHH000040: Configuration resource: /hibernate.cfg.xml
2017-03-03 22:11:27,171 99   [main] INFO  org.hibernate.cfg.Configuration  - HHH000041: Configured SessionFactory: null
2017-03-03 22:11:27,232 160  [main] WARN  org.hibernate.engine.jdbc.connections.internal.DriverManagerConnectionProviderImpl  - HHH000402: Using Hibernate built-in connection pool (not for production use!)
2017-03-03 22:11:27,245 173  [main] INFO  org.hibernate.engine.jdbc.connections.internal.DriverManagerConnectionProviderImpl  - HHH000401: using driver [com.mysql.jdbc.Driver] at URL [jdbc:mysql://localhost:3306/]
2017-03-03 22:11:27,246 174  [main] INFO  org.hibernate.engine.jdbc.connections.internal.DriverManagerConnectionProviderImpl  - HHH000046: Connection properties: {user=root, password=****}
2017-03-03 22:11:27,247 175  [main] INFO  org.hibernate.engine.jdbc.connections.internal.DriverManagerConnectionProviderImpl  - HHH000006: Autocommit mode: false
2017-03-03 22:11:27,248 176  [main] INFO  org.hibernate.engine.jdbc.connections.internal.DriverManagerConnectionProviderImpl  - HHH000115: Hibernate connection pool size: 20 (min=1)
2017-03-03 22:11:27,570 498  [main] INFO  org.hibernate.dialect.Dialect  - HHH000400: Using dialect: org.hibernate.dialect.MySQL5Dialect
2017-03-03 22:11:27,685 613  [main] INFO  org.hibernate.engine.transaction.internal.TransactionFactoryInitiator  - HHH000399: Using default transaction strategy (direct JDBC transactions)
2017-03-03 22:11:27,689 617  [main] INFO  org.hibernate.hql.internal.ast.ASTQueryTranslatorFactory  - HHH000397: Using ASTQueryTranslatorFactory
2017-03-03 22:12:06,594 0    [http-nio-8080-exec-2] INFO  org.hibernate.annotations.common.Version  - HCANN000001: Hibernate Commons Annotations {4.0.5.Final}
2017-03-03 22:12:06,607 13   [http-nio-8080-exec-2] INFO  org.hibernate.Version  - HHH000412: Hibernate Core {4.3.11.Final}
2017-03-03 22:12:06,609 15   [http-nio-8080-exec-2] INFO  org.hibernate.cfg.Environment  - HHH000206: hibernate.properties not found
2017-03-03 22:12:06,611 17   [http-nio-8080-exec-2] INFO  org.hibernate.cfg.Environment  - HHH000021: Bytecode provider name : javassist
2017-03-03 22:12:06,632 38   [http-nio-8080-exec-2] INFO  org.hibernate.cfg.Configuration  - HHH000043: Configuring from resource: /hibernate.cfg.xml
2017-03-03 22:12:06,632 38   [http-nio-8080-exec-2] INFO  org.hibernate.cfg.Configuration  - HHH000040: Configuration resource: /hibernate.cfg.xml
2017-03-03 22:12:06,677 83   [http-nio-8080-exec-2] INFO  org.hibernate.cfg.Configuration  - HHH000041: Configured SessionFactory: null
2017-03-03 22:12:06,763 169  [http-nio-8080-exec-2] WARN  org.hibernate.engine.jdbc.connections.internal.DriverManagerConnectionProviderImpl  - HHH000402: Using Hibernate built-in connection pool (not for production use!)
2017-03-03 22:12:06,768 174  [http-nio-8080-exec-2] INFO  org.hibernate.engine.jdbc.connections.internal.DriverManagerConnectionProviderImpl  - HHH000401: using driver [com.mysql.jdbc.Driver] at URL [jdbc:mysql://localhost:3306/]
2017-03-03 22:12:06,769 175  [http-nio-8080-exec-2] INFO  org.hibernate.engine.jdbc.connections.internal.DriverManagerConnectionProviderImpl  - HHH000046: Connection properties: {user=root, password=****}
2017-03-03 22:12:06,770 176  [http-nio-8080-exec-2] INFO  org.hibernate.engine.jdbc.connections.internal.DriverManagerConnectionProviderImpl  - HHH000006: Autocommit mode: false
2017-03-03 22:12:06,773 179  [http-nio-8080-exec-2] INFO  org.hibernate.engine.jdbc.connections.internal.DriverManagerConnectionProviderImpl  - HHH000115: Hibernate connection pool size: 20 (min=1)
2017-03-03 22:12:07,176 582  [http-nio-8080-exec-2] INFO  org.hibernate.dialect.Dialect  - HHH000400: Using dialect: org.hibernate.dialect.MySQL5Dialect
2017-03-03 22:12:07,352 758  [http-nio-8080-exec-2] INFO  org.hibernate.engine.transaction.internal.TransactionFactoryInitiator  - HHH000399: Using default transaction strategy (direct JDBC transactions)
2017-03-03 22:12:07,362 768  [http-nio-8080-exec-2] INFO  org.hibernate.hql.internal.ast.ASTQueryTranslatorFactory  - HHH000397: Using ASTQueryTranslatorFactory
2017-03-03 22:15:03,002 0    [main] INFO  org.hibernate.annotations.common.Version  - HCANN000001: Hibernate Commons Annotations {4.0.5.Final}
2017-03-03 22:15:03,011 9    [main] INFO  org.hibernate.Version  - HHH000412: Hibernate Core {4.3.11.Final}
2017-03-03 22:15:03,013 11   [main] INFO  org.hibernate.cfg.Environment  - HHH000206: hibernate.properties not found
2017-03-03 22:15:03,017 15   [main] INFO  org.hibernate.cfg.Environment  - HHH000021: Bytecode provider name : javassist
2017-03-03 22:15:03,065 63   [main] INFO  org.hibernate.cfg.Configuration  - HHH000043: Configuring from resource: /hibernate.cfg.xml
2017-03-03 22:15:03,066 64   [main] INFO  org.hibernate.cfg.Configuration  - HHH000040: Configuration resource: /hibernate.cfg.xml
2017-03-03 22:15:03,205 203  [main] INFO  org.hibernate.cfg.Configuration  - HHH000041: Configured SessionFactory: null
2017-03-03 22:15:03,375 373  [main] WARN  org.hibernate.engine.jdbc.connections.internal.DriverManagerConnectionProviderImpl  - HHH000402: Using Hibernate built-in connection pool (not for production use!)
2017-03-03 22:15:03,388 386  [main] INFO  org.hibernate.engine.jdbc.connections.internal.DriverManagerConnectionProviderImpl  - HHH000401: using driver [com.mysql.jdbc.Driver] at URL [jdbc:mysql://localhost:3306/]
2017-03-03 22:15:03,389 387  [main] INFO  org.hibernate.engine.jdbc.connections.internal.DriverManagerConnectionProviderImpl  - HHH000046: Connection properties: {user=root, password=****}
2017-03-03 22:15:03,389 387  [main] INFO  org.hibernate.engine.jdbc.connections.internal.DriverManagerConnectionProviderImpl  - HHH000006: Autocommit mode: false
2017-03-03 22:15:03,392 390  [main] INFO  org.hibernate.engine.jdbc.connections.internal.DriverManagerConnectionProviderImpl  - HHH000115: Hibernate connection pool size: 20 (min=1)
2017-03-03 22:15:04,021 1019 [main] INFO  org.hibernate.dialect.Dialect  - HHH000400: Using dialect: org.hibernate.dialect.MySQL5Dialect
2017-03-03 22:15:04,368 1366 [main] INFO  org.hibernate.engine.transaction.internal.TransactionFactoryInitiator  - HHH000399: Using default transaction strategy (direct JDBC transactions)
2017-03-03 22:15:04,385 1383 [main] INFO  org.hibernate.hql.internal.ast.ASTQueryTranslatorFactory  - HHH000397: Using ASTQueryTranslatorFactory
2017-03-03 22:15:59,510 0    [main] INFO  org.hibernate.annotations.common.Version  - HCANN000001: Hibernate Commons Annotations {4.0.5.Final}
2017-03-03 22:15:59,518 8    [main] INFO  org.hibernate.Version  - HHH000412: Hibernate Core {4.3.11.Final}
2017-03-03 22:15:59,519 9    [main] INFO  org.hibernate.cfg.Environment  - HHH000206: hibernate.properties not found
2017-03-03 22:15:59,522 12   [main] INFO  org.hibernate.cfg.Environment  - HHH000021: Bytecode provider name : javassist
2017-03-03 22:15:59,555 45   [main] INFO  org.hibernate.cfg.Configuration  - HHH000043: Configuring from resource: /hibernate.cfg.xml
2017-03-03 22:15:59,556 46   [main] INFO  org.hibernate.cfg.Configuration  - HHH000040: Configuration resource: /hibernate.cfg.xml
2017-03-03 22:15:59,672 162  [main] INFO  org.hibernate.cfg.Configuration  - HHH000041: Configured SessionFactory: null
2017-03-03 22:15:59,810 300  [main] WARN  org.hibernate.engine.jdbc.connections.internal.DriverManagerConnectionProviderImpl  - HHH000402: Using Hibernate built-in connection pool (not for production use!)
2017-03-03 22:15:59,819 309  [main] INFO  org.hibernate.engine.jdbc.connections.internal.DriverManagerConnectionProviderImpl  - HHH000401: using driver [com.mysql.jdbc.Driver] at URL [jdbc:mysql://localhost:3306/]
2017-03-03 22:15:59,819 309  [main] INFO  org.hibernate.engine.jdbc.connections.internal.DriverManagerConnectionProviderImpl  - HHH000046: Connection properties: {user=root, password=****}
2017-03-03 22:15:59,819 309  [main] INFO  org.hibernate.engine.jdbc.connections.internal.DriverManagerConnectionProviderImpl  - HHH000006: Autocommit mode: false
2017-03-03 22:15:59,822 312  [main] INFO  org.hibernate.engine.jdbc.connections.internal.DriverManagerConnectionProviderImpl  - HHH000115: Hibernate connection pool size: 20 (min=1)
2017-03-03 22:16:00,326 816  [main] INFO  org.hibernate.dialect.Dialect  - HHH000400: Using dialect: org.hibernate.dialect.MySQL5Dialect
2017-03-03 22:16:00,519 1009 [main] INFO  org.hibernate.engine.transaction.internal.TransactionFactoryInitiator  - HHH000399: Using default transaction strategy (direct JDBC transactions)
2017-03-03 22:16:00,526 1016 [main] INFO  org.hibernate.hql.internal.ast.ASTQueryTranslatorFactory  - HHH000397: Using ASTQueryTranslatorFactory
2017-03-03 22:16:41,591 0    [main] INFO  org.hibernate.annotations.common.Version  - HCANN000001: Hibernate Commons Annotations {4.0.5.Final}
2017-03-03 22:16:41,598 7    [main] INFO  org.hibernate.Version  - HHH000412: Hibernate Core {4.3.11.Final}
2017-03-03 22:16:41,600 9    [main] INFO  org.hibernate.cfg.Environment  - HHH000206: hibernate.properties not found
2017-03-03 22:16:41,609 18   [main] INFO  org.hibernate.cfg.Environment  - HHH000021: Bytecode provider name : javassist
2017-03-03 22:16:41,656 65   [main] INFO  org.hibernate.cfg.Configuration  - HHH000043: Configuring from resource: /hibernate.cfg.xml
2017-03-03 22:16:41,657 66   [main] INFO  org.hibernate.cfg.Configuration  - HHH000040: Configuration resource: /hibernate.cfg.xml
2017-03-03 22:16:41,741 150  [main] INFO  org.hibernate.cfg.Configuration  - HHH000041: Configured SessionFactory: null
2017-03-03 22:16:41,838 247  [main] WARN  org.hibernate.engine.jdbc.connections.internal.DriverManagerConnectionProviderImpl  - HHH000402: Using Hibernate built-in connection pool (not for production use!)
2017-03-03 22:16:41,862 271  [main] INFO  org.hibernate.engine.jdbc.connections.internal.DriverManagerConnectionProviderImpl  - HHH000401: using driver [com.mysql.jdbc.Driver] at URL [jdbc:mysql://localhost:3306/]
2017-03-03 22:16:41,862 271  [main] INFO  org.hibernate.engine.jdbc.connections.internal.DriverManagerConnectionProviderImpl  - HHH000046: Connection properties: {user=root, password=****}
2017-03-03 22:16:41,862 271  [main] INFO  org.hibernate.engine.jdbc.connections.internal.DriverManagerConnectionProviderImpl  - HHH000006: Autocommit mode: false
2017-03-03 22:16:41,864 273  [main] INFO  org.hibernate.engine.jdbc.connections.internal.DriverManagerConnectionProviderImpl  - HHH000115: Hibernate connection pool size: 20 (min=1)
2017-03-03 22:16:42,266 675  [main] INFO  org.hibernate.dialect.Dialect  - HHH000400: Using dialect: org.hibernate.dialect.MySQL5Dialect
2017-03-03 22:16:42,431 840  [main] INFO  org.hibernate.engine.transaction.internal.TransactionFactoryInitiator  - HHH000399: Using default transaction strategy (direct JDBC transactions)
2017-03-03 22:16:42,435 844  [main] INFO  org.hibernate.hql.internal.ast.ASTQueryTranslatorFactory  - HHH000397: Using ASTQueryTranslatorFactory
2017-03-03 22:17:18,061 0    [main] INFO  org.hibernate.annotations.common.Version  - HCANN000001: Hibernate Commons Annotations {4.0.5.Final}
2017-03-03 22:17:18,075 14   [main] INFO  org.hibernate.Version  - HHH000412: Hibernate Core {4.3.11.Final}
2017-03-03 22:17:18,076 15   [main] INFO  org.hibernate.cfg.Environment  - HHH000206: hibernate.properties not found
2017-03-03 22:17:18,081 20   [main] INFO  org.hibernate.cfg.Environment  - HHH000021: Bytecode provider name : javassist
2017-03-03 22:17:18,130 69   [main] INFO  org.hibernate.cfg.Configuration  - HHH000043: Configuring from resource: /hibernate.cfg.xml
2017-03-03 22:17:18,130 69   [main] INFO  org.hibernate.cfg.Configuration  - HHH000040: Configuration resource: /hibernate.cfg.xml
2017-03-03 22:17:18,237 176  [main] INFO  org.hibernate.cfg.Configuration  - HHH000041: Configured SessionFactory: null
2017-03-03 22:17:18,376 315  [main] WARN  org.hibernate.engine.jdbc.connections.internal.DriverManagerConnectionProviderImpl  - HHH000402: Using Hibernate built-in connection pool (not for production use!)
2017-03-03 22:17:18,392 331  [main] INFO  org.hibernate.engine.jdbc.connections.internal.DriverManagerConnectionProviderImpl  - HHH000401: using driver [com.mysql.jdbc.Driver] at URL [jdbc:mysql://localhost:3306/]
2017-03-03 22:17:18,393 332  [main] INFO  org.hibernate.engine.jdbc.connections.internal.DriverManagerConnectionProviderImpl  - HHH000046: Connection properties: {user=root, password=****}
2017-03-03 22:17:18,393 332  [main] INFO  org.hibernate.engine.jdbc.connections.internal.DriverManagerConnectionProviderImpl  - HHH000006: Autocommit mode: false
2017-03-03 22:17:18,395 334  [main] INFO  org.hibernate.engine.jdbc.connections.internal.DriverManagerConnectionProviderImpl  - HHH000115: Hibernate connection pool size: 20 (min=1)
2017-03-03 22:17:18,826 765  [main] INFO  org.hibernate.dialect.Dialect  - HHH000400: Using dialect: org.hibernate.dialect.MySQL5Dialect
2017-03-03 22:17:19,004 943  [main] INFO  org.hibernate.engine.transaction.internal.TransactionFactoryInitiator  - HHH000399: Using default transaction strategy (direct JDBC transactions)
2017-03-03 22:17:19,019 958  [main] INFO  org.hibernate.hql.internal.ast.ASTQueryTranslatorFactory  - HHH000397: Using ASTQueryTranslatorFactory
2017-03-03 22:17:47,462 0    [main] INFO  org.hibernate.annotations.common.Version  - HCANN000001: Hibernate Commons Annotations {4.0.5.Final}
2017-03-03 22:17:47,468 6    [main] INFO  org.hibernate.Version  - HHH000412: Hibernate Core {4.3.11.Final}
2017-03-03 22:17:47,469 7    [main] INFO  org.hibernate.cfg.Environment  - HHH000206: hibernate.properties not found
2017-03-03 22:17:47,470 8    [main] INFO  org.hibernate.cfg.Environment  - HHH000021: Bytecode provider name : javassist
2017-03-03 22:17:47,485 23   [main] INFO  org.hibernate.cfg.Configuration  - HHH000043: Configuring from resource: /hibernate.cfg.xml
2017-03-03 22:17:47,485 23   [main] INFO  org.hibernate.cfg.Configuration  - HHH000040: Configuration resource: /hibernate.cfg.xml
2017-03-03 22:17:47,556 94   [main] INFO  org.hibernate.cfg.Configuration  - HHH000041: Configured SessionFactory: null
2017-03-03 22:17:47,626 164  [main] WARN  org.hibernate.engine.jdbc.connections.internal.DriverManagerConnectionProviderImpl  - HHH000402: Using Hibernate built-in connection pool (not for production use!)
2017-03-03 22:17:47,633 171  [main] INFO  org.hibernate.engine.jdbc.connections.internal.DriverManagerConnectionProviderImpl  - HHH000401: using driver [com.mysql.jdbc.Driver] at URL [jdbc:mysql://localhost:3306/]
2017-03-03 22:17:47,633 171  [main] INFO  org.hibernate.engine.jdbc.connections.internal.DriverManagerConnectionProviderImpl  - HHH000046: Connection properties: {user=root, password=****}
2017-03-03 22:17:47,633 171  [main] INFO  org.hibernate.engine.jdbc.connections.internal.DriverManagerConnectionProviderImpl  - HHH000006: Autocommit mode: false
2017-03-03 22:17:47,634 172  [main] INFO  org.hibernate.engine.jdbc.connections.internal.DriverManagerConnectionProviderImpl  - HHH000115: Hibernate connection pool size: 20 (min=1)
2017-03-03 22:17:47,938 476  [main] INFO  org.hibernate.dialect.Dialect  - HHH000400: Using dialect: org.hibernate.dialect.MySQL5Dialect
2017-03-03 22:17:48,041 579  [main] INFO  org.hibernate.engine.transaction.internal.TransactionFactoryInitiator  - HHH000399: Using default transaction strategy (direct JDBC transactions)
2017-03-03 22:17:48,049 587  [main] INFO  org.hibernate.hql.internal.ast.ASTQueryTranslatorFactory  - HHH000397: Using ASTQueryTranslatorFactory
2017-03-03 22:18:28,157 0    [http-nio-8080-exec-10] INFO  org.hibernate.annotations.common.Version  - HCANN000001: Hibernate Commons Annotations {4.0.5.Final}
2017-03-03 22:18:28,165 8    [http-nio-8080-exec-10] INFO  org.hibernate.Version  - HHH000412: Hibernate Core {4.3.11.Final}
2017-03-03 22:18:28,167 10   [http-nio-8080-exec-10] INFO  org.hibernate.cfg.Environment  - HHH000206: hibernate.properties not found
2017-03-03 22:18:28,175 18   [http-nio-8080-exec-10] INFO  org.hibernate.cfg.Environment  - HHH000021: Bytecode provider name : javassist
2017-03-03 22:18:28,197 40   [http-nio-8080-exec-10] INFO  org.hibernate.cfg.Configuration  - HHH000043: Configuring from resource: /hibernate.cfg.xml
2017-03-03 22:18:28,197 40   [http-nio-8080-exec-10] INFO  org.hibernate.cfg.Configuration  - HHH000040: Configuration resource: /hibernate.cfg.xml
2017-03-03 22:18:28,240 83   [http-nio-8080-exec-10] INFO  org.hibernate.cfg.Configuration  - HHH000041: Configured SessionFactory: null
2017-03-03 22:18:28,329 172  [http-nio-8080-exec-10] WARN  org.hibernate.engine.jdbc.connections.internal.DriverManagerConnectionProviderImpl  - HHH000402: Using Hibernate built-in connection pool (not for production use!)
2017-03-03 22:18:28,334 177  [http-nio-8080-exec-10] INFO  org.hibernate.engine.jdbc.connections.internal.DriverManagerConnectionProviderImpl  - HHH000401: using driver [com.mysql.jdbc.Driver] at URL [jdbc:mysql://localhost:3306/]
2017-03-03 22:18:28,334 177  [http-nio-8080-exec-10] INFO  org.hibernate.engine.jdbc.connections.internal.DriverManagerConnectionProviderImpl  - HHH000046: Connection properties: {user=root, password=****}
2017-03-03 22:18:28,335 178  [http-nio-8080-exec-10] INFO  org.hibernate.engine.jdbc.connections.internal.DriverManagerConnectionProviderImpl  - HHH000006: Autocommit mode: false
2017-03-03 22:18:28,336 179  [http-nio-8080-exec-10] INFO  org.hibernate.engine.jdbc.connections.internal.DriverManagerConnectionProviderImpl  - HHH000115: Hibernate connection pool size: 20 (min=1)
2017-03-03 22:18:28,670 513  [http-nio-8080-exec-10] INFO  org.hibernate.dialect.Dialect  - HHH000400: Using dialect: org.hibernate.dialect.MySQL5Dialect
2017-03-03 22:18:28,846 689  [http-nio-8080-exec-10] INFO  org.hibernate.engine.transaction.internal.TransactionFactoryInitiator  - HHH000399: Using default transaction strategy (direct JDBC transactions)
2017-03-03 22:18:28,859 702  [http-nio-8080-exec-10] INFO  org.hibernate.hql.internal.ast.ASTQueryTranslatorFactory  - HHH000397: Using ASTQueryTranslatorFactory
